Arguments: 
  C:\Program Files\nodejs\node.exe C:\Users\zar23\AppData\Roaming\npm\node_modules\yarn\bin\yarn.js add xmlDom -D

PATH: 
  C:\Program Files\PowerShell\7;C:\Program Files (x86)\VMware\VMware Player\bin\;%INTEL_DEV_REDIST%redist\intel64\compiler;C:\WINDOWS\system32;C:\WINDOWS;C:\WINDOWS\System32\Wbem;C:\WINDOWS\System32\WindowsPowerShell\v1.0\;C:\WINDOWS\System32\OpenSSH\;C:\Program Files\dotnet\;C:\Program Files\Microsoft SQL Server\130\Tools\Binn\;C:\Program Files\Microsoft SQL Server\Client SDK\ODBC\170\Tools\Binn\;C:\Program Files\nodejs\;C:\Program Files\Git\cmd;C:\Program Files\PowerShell\7\;C:\Users\zar23\AppData\Local\protoc\bin;C:\Program Files (x86)\NVIDIA Corporation\PhysX\Common;C:\Program Files\NVIDIA Corporation\NVIDIA NvDLISR;D:\Program Files\Xshell\;D:\Program Files\Xftp\;D:\Program Files\;D:\Program Files\FFMpeg\bin;D:\Program Files\ADB;C:\Program Files\Microsoft SQL Server\150\Tools\Binn\;C:\Program Files (x86)\Windows Kits\10\Windows Performance Toolkit\;%SystemRoot%\system32;%SystemRoot%;%SystemRoot%\System32\Wbem;%SYSTEMROOT%\System32\WindowsPowerShell\v1.0\;%SYSTEMROOT%\System32\OpenSSH\;C:\Program Files\Go\bin;C:\Program Files (x86)\Calibre2\;C:\Users\zar23\AppData\Local\Microsoft\WindowsApps;C:\Program Files\Bandizip\;C:\Users\zar23\.dotnet\tools;C:\Users\zar23\AppData\Local\Programs\Microsoft VS Code\bin;C:\Users\zar23\AppData\Roaming\npm;C:\Users\zar23\AppData\Local\GitHubDesktop\bin;%USERPROFILE%\.dotnet\tools;C:\Program Files\GPAC;%USERPROFILE%\AppData\Local\Microsoft\WindowsApps;%USERPROFILE%\go\bin;

Yarn version: 
  1.22.17

Node version: 
  16.4.1

Platform: 
  win32 x64

Trace: 
  Error: https://registry.npm.taobao.org/xmlDom: Not found
      at Request.params.callback [as _callback] (C:\Users\zar23\AppData\Roaming\npm\node_modules\yarn\lib\cli.js:67029:18)
      at Request.self.callback (C:\Users\zar23\AppData\Roaming\npm\node_modules\yarn\lib\cli.js:140883:22)
      at Request.emit (node:events:394:28)
      at Request.<anonymous> (C:\Users\zar23\AppData\Roaming\npm\node_modules\yarn\lib\cli.js:141855:10)
      at Request.emit (node:events:394:28)
      at IncomingMessage.<anonymous> (C:\Users\zar23\AppData\Roaming\npm\node_modules\yarn\lib\cli.js:141777:12)
      at Object.onceWrapper (node:events:513:28)
      at IncomingMessage.emit (node:events:406:35)
      at endReadableNT (node:internal/streams/readable:1329:12)
      at processTicksAndRejections (node:internal/process/task_queues:83:21)

npm manifest: 
  {
    "name": "cleanreader.web",
    "version": "0.0.0",
    "scripts": {
      "dev": "vite",
      "build": "vue-tsc --noEmit && vite build",
      "preview": "vite preview"
    },
    "dependencies": {
      "epub.js": "^0.2.15",
      "vue": "^3.2.25"
    },
    "devDependencies": {
      "@vitejs/plugin-vue": "^2.0.0",
      "epubjs": "^0.3.89",
      "typescript": "^4.4.4",
      "vite": "^2.7.2",
      "vue-tsc": "^0.29.8",
      "vue3-keypress": "^4.0.1",
      "vue3-resize": "^0.2.0"
    }
  }

yarn manifest: 
  No manifest

Lockfile: 
  # THIS IS AN AUTOGENERATED FILE. DO NOT EDIT THIS FILE DIRECTLY.
  # yarn lockfile v1
  
  
  "@babel/helper-validator-identifier@^7.15.7":
    version "7.15.7"
    resolved "https://registry.nlark.com/@babel/helper-validator-identifier/download/@babel/helper-validator-identifier-7.15.7.tgz?cache=0&sync_timestamp=1631920000984&other_urls=https%3A%2F%2Fregistry.nlark.com%2F%40babel%2Fhelper-validator-identifier%2Fdownload%2F%40babel%2Fhelper-validator-identifier-7.15.7.tgz#220df993bfe904a4a6b02ab4f3385a5ebf6e2389"
    integrity sha1-Ig35k7/pBKSmsCq08zhaXr9uI4k=
  
  "@babel/parser@^7.16.4", "@babel/parser@^7.6.0", "@babel/parser@^7.9.6":
    version "7.16.6"
    resolved "https://registry.npmmirror.com/@babel/parser/download/@babel/parser-7.16.6.tgz#8f194828193e8fa79166f34a4b4e52f3e769a314"
    integrity sha512-Gr86ujcNuPDnNOY8mi383Hvi8IYrJVJYuf3XcuBM/Dgd+bINn/7tHqsj+tKkoreMbmGsFLsltI/JJd8fOFWGDQ==
  
  "@babel/types@^7.6.1", "@babel/types@^7.9.6":
    version "7.16.0"
    resolved "https://registry.npmmirror.com/@babel/types/download/@babel/types-7.16.0.tgz#db3b313804f96aadd0b776c4823e127ad67289ba"
    integrity sha1-2zsxOAT5aq3Qt3bEgj4SetZyibo=
    dependencies:
      "@babel/helper-validator-identifier" "^7.15.7"
      to-fast-properties "^2.0.0"
  
  "@emmetio/abbreviation@^2.2.2":
    version "2.2.2"
    resolved "https://registry.nlark.com/@emmetio/abbreviation/download/@emmetio/abbreviation-2.2.2.tgz#746762fd9e7a8c2ea604f580c62e3cfe250e6989"
    integrity sha1-dGdi/Z56jC6mBPWAxi48/iUOaYk=
    dependencies:
      "@emmetio/scanner" "^1.0.0"
  
  "@emmetio/css-abbreviation@^2.1.4":
    version "2.1.4"
    resolved "https://registry.npmmirror.com/@emmetio/css-abbreviation/download/@emmetio/css-abbreviation-2.1.4.tgz#90362e8a1122ce3b76f6c3157907d30182f53f54"
    integrity sha1-kDYuihEizjt29sMVeQfTAYL1P1Q=
    dependencies:
      "@emmetio/scanner" "^1.0.0"
  
  "@emmetio/scanner@^1.0.0":
    version "1.0.0"
    resolved "https://registry.nlark.com/@emmetio/scanner/download/@emmetio/scanner-1.0.0.tgz#065b2af6233fe7474d44823e3deb89724af42b5f"
    integrity sha1-Blsq9iM/50dNRII+PeuJckr0K18=
  
  "@types/localforage@0.0.34":
    version "0.0.34"
    resolved "https://registry.nlark.com/@types/localforage/download/@types/localforage-0.0.34.tgz#5e31c32dd8791ec4b9ff3ef47c9cb55b2d0d9438"
    integrity sha1-XjHDLdh5HsS5/z70fJy1Wy0NlDg=
    dependencies:
      localforage "*"
  
  "@vitejs/plugin-vue@^2.0.0":
    version "2.0.1"
    resolved "https://registry.npmmirror.com/@vitejs/plugin-vue/download/@vitejs/plugin-vue-2.0.1.tgz#db0e5eacf96358e04cc501c9008079b25a70a4ac"
    integrity sha512-wtdMnGVvys9K8tg+DxowU1ytTrdVveXr3LzdhaKakysgGXyrsfaeds2cDywtvujEASjWOwWL/OgWM+qoeM8Plg==
  
  "@volar/code-gen@0.29.8":
    version "0.29.8"
    resolved "https://registry.npmmirror.com/@volar/code-gen/download/@volar/code-gen-0.29.8.tgz#db1a4bf29caeba131265bed9dbe96a1a0b66ea35"
    integrity sha512-eohLLUqPChHRPDFT5gXn4V6pr/CeTri7Ou5GI26lUvBRRAbP8p+oYfQRcbMPGeKmVkYjfVj0chsxQGx6T8PQ4Q==
    dependencies:
      "@volar/shared" "0.29.8"
      "@volar/source-map" "0.29.8"
  
  "@volar/html2pug@0.29.8":
    version "0.29.8"
    resolved "https://registry.npmmirror.com/@volar/html2pug/download/@volar/html2pug-0.29.8.tgz#2e97fa2968dcdfe0dbbc67b0cd2ab4c440018738"
    integrity sha512-bhSNXg8A2aD3w0B+CwmHjqCAaKtj5rORbE5C/q/UdGqptJbC6STCmi30KuRTdfPhR++Xb18Hauf3s/WCmtNAPA==
    dependencies:
      domelementtype "^2.2.0"
      domhandler "^4.2.2"
      htmlparser2 "^7.1.2"
      pug "^3.0.2"
  
  "@volar/shared@0.29.8":
    version "0.29.8"
    resolved "https://registry.npmmirror.com/@volar/shared/download/@volar/shared-0.29.8.tgz#e635ddf2cbcf307da932eb4b98e33c320d3d2991"
    integrity sha512-Y1NN6irkIukD+T0wf4p/dHWYL90sacN2e2lYoDXxRlvoYxwANnHgw0J0Rcp+yw58ElWRScdG7/YntEIuZWeJsw==
    dependencies:
      upath "^2.0.1"
      vscode-jsonrpc "^8.0.0-next.2"
      vscode-uri "^3.0.2"
  
  "@volar/source-map@0.29.8":
    version "0.29.8"
    resolved "https://registry.npmmirror.com/@volar/source-map/download/@volar/source-map-0.29.8.tgz#3299a0ae86ae0b72b4db3e50499d8bb285d8e9b2"
    integrity sha512-7w+UoYtnc6UQu30CgMVvx0YN4dzDgP4TIsSmUaW62AGmxU9Lxwp3Kkn/4N8efi91z8ma5Z78v/HddyJPwAC3LA==
    dependencies:
      "@volar/shared" "0.29.8"
  
  "@volar/transforms@0.29.8":
    version "0.29.8"
    resolved "https://registry.npmmirror.com/@volar/transforms/download/@volar/transforms-0.29.8.tgz#ef807010ac90772a065e7cf50509b6433b53e355"
    integrity sha512-o2hRa8CoDwYTO1Mu5KA47+1elUnYUjDaVhCvbyKlRfd8qpHea2llotArq7B6OORSL2M9DVs1IRJ5NGURBFeZ3Q==
    dependencies:
      "@volar/shared" "0.29.8"
      vscode-languageserver "^8.0.0-next.2"
  
  "@volar/vue-code-gen@0.29.8":
    version "0.29.8"
    resolved "https://registry.npmmirror.com/@volar/vue-code-gen/download/@volar/vue-code-gen-0.29.8.tgz#32401d52e2570d775fcc6cbc83abefeef65c48cd"
    integrity sha512-E1e7P2oktNC/DzgDBditfla4s8+HlUlluZ+BtcLvEdbkl3QEjujkB0x1wxguWzXmpWgLIDPtrS3Jzll5cCOkTg==
    dependencies:
      "@volar/code-gen" "0.29.8"
      "@volar/shared" "0.29.8"
      "@volar/source-map" "0.29.8"
      "@vue/compiler-core" "^3.2.21"
      "@vue/compiler-dom" "^3.2.21"
      "@vue/shared" "^3.2.21"
      upath "^2.0.1"
  
  "@vscode/emmet-helper@^2.8.0":
    version "2.8.2"
    resolved "https://registry.npmmirror.com/@vscode/emmet-helper/download/@vscode/emmet-helper-2.8.2.tgz#9b2ce4fdd62cf3fda45cf8af67c012cfce55edc9"
    integrity sha1-myzk/dYs8/2kXPivZ8ASz85V7ck=
    dependencies:
      emmet "^2.3.0"
      jsonc-parser "^2.3.0"
      vscode-languageserver-textdocument "^1.0.1"
      vscode-languageserver-types "^3.15.1"
      vscode-nls "^5.0.0"
      vscode-uri "^2.1.2"
  
  "@vue/compiler-core@3.2.26", "@vue/compiler-core@^3.2.21":
    version "3.2.26"
    resolved "https://registry.npmmirror.com/@vue/compiler-core/download/@vue/compiler-core-3.2.26.tgz#9ab92ae624da51f7b6064f4679c2d4564f437cc8"
    integrity sha512-N5XNBobZbaASdzY9Lga2D9Lul5vdCIOXvUMd6ThcN8zgqQhPKfCV+wfAJNNJKQkSHudnYRO2gEB+lp0iN3g2Tw==
    dependencies:
      "@babel/parser" "^7.16.4"
      "@vue/shared" "3.2.26"
      estree-walker "^2.0.2"
      source-map "^0.6.1"
  
  "@vue/compiler-dom@3.2.26", "@vue/compiler-dom@^3.2.21":
    version "3.2.26"
    resolved "https://registry.npmmirror.com/@vue/compiler-dom/download/@vue/compiler-dom-3.2.26.tgz#c7a7b55d50a7b7981dd44fc28211df1450482667"
    integrity sha512-smBfaOW6mQDxcT3p9TKT6mE22vjxjJL50GFVJiI0chXYGU/xzC05QRGrW3HHVuJrmLTLx5zBhsZ2dIATERbarg==
    dependencies:
      "@vue/compiler-core" "3.2.26"
      "@vue/shared" "3.2.26"
  
  "@vue/compiler-sfc@3.2.26":
    version "3.2.26"
    resolved "https://registry.npmmirror.com/@vue/compiler-sfc/download/@vue/compiler-sfc-3.2.26.tgz#3ce76677e4aa58311655a3bea9eb1cb804d2273f"
    integrity sha512-ePpnfktV90UcLdsDQUh2JdiTuhV0Skv2iYXxfNMOK/F3Q+2BO0AulcVcfoksOpTJGmhhfosWfMyEaEf0UaWpIw==
    dependencies:
      "@babel/parser" "^7.16.4"
      "@vue/compiler-core" "3.2.26"
      "@vue/compiler-dom" "3.2.26"
      "@vue/compiler-ssr" "3.2.26"
      "@vue/reactivity-transform" "3.2.26"
      "@vue/shared" "3.2.26"
      estree-walker "^2.0.2"
      magic-string "^0.25.7"
      postcss "^8.1.10"
      source-map "^0.6.1"
  
  "@vue/compiler-ssr@3.2.26":
    version "3.2.26"
    resolved "https://registry.npmmirror.com/@vue/compiler-ssr/download/@vue/compiler-ssr-3.2.26.tgz#fd049523341fbf4ab5e88e25eef566d862894ba7"
    integrity sha512-2mywLX0ODc4Zn8qBoA2PDCsLEZfpUGZcyoFRLSOjyGGK6wDy2/5kyDOWtf0S0UvtoyVq95OTSGIALjZ4k2q/ag==
    dependencies:
      "@vue/compiler-dom" "3.2.26"
      "@vue/shared" "3.2.26"
  
  "@vue/reactivity-transform@3.2.26":
    version "3.2.26"
    resolved "https://registry.npmmirror.com/@vue/reactivity-transform/download/@vue/reactivity-transform-3.2.26.tgz#6d8f20a4aa2d19728f25de99962addbe7c4d03e9"
    integrity sha512-XKMyuCmzNA7nvFlYhdKwD78rcnmPb7q46uoR00zkX6yZrUmcCQ5OikiwUEVbvNhL5hBJuvbSO95jB5zkUon+eQ==
    dependencies:
      "@babel/parser" "^7.16.4"
      "@vue/compiler-core" "3.2.26"
      "@vue/shared" "3.2.26"
      estree-walker "^2.0.2"
      magic-string "^0.25.7"
  
  "@vue/reactivity@3.2.26", "@vue/reactivity@^3.2.21":
    version "3.2.26"
    resolved "https://registry.npmmirror.com/@vue/reactivity/download/@vue/reactivity-3.2.26.tgz#d529191e581521c3c12e29ef986d4c8a933a0f83"
    integrity sha512-h38bxCZLW6oFJVDlCcAiUKFnXI8xP8d+eO0pcDxx+7dQfSPje2AO6M9S9QO6MrxQB7fGP0DH0dYQ8ksf6hrXKQ==
    dependencies:
      "@vue/shared" "3.2.26"
  
  "@vue/runtime-core@3.2.26":
    version "3.2.26"
    resolved "https://registry.npmmirror.com/@vue/runtime-core/download/@vue/runtime-core-3.2.26.tgz#5c59cc440ed7a39b6dbd4c02e2d21c8d1988f0de"
    integrity sha512-BcYi7qZ9Nn+CJDJrHQ6Zsmxei2hDW0L6AB4vPvUQGBm2fZyC0GXd/4nVbyA2ubmuhctD5RbYY8L+5GUJszv9mQ==
    dependencies:
      "@vue/reactivity" "3.2.26"
      "@vue/shared" "3.2.26"
  
  "@vue/runtime-dom@3.2.26":
    version "3.2.26"
    resolved "https://registry.npmmirror.com/@vue/runtime-dom/download/@vue/runtime-dom-3.2.26.tgz#84d3ae2584488747717c2e072d5d9112c0d2e6c2"
    integrity sha512-dY56UIiZI+gjc4e8JQBwAifljyexfVCkIAu/WX8snh8vSOt/gMSEGwPRcl2UpYpBYeyExV8WCbgvwWRNt9cHhQ==
    dependencies:
      "@vue/runtime-core" "3.2.26"
      "@vue/shared" "3.2.26"
      csstype "^2.6.8"
  
  "@vue/server-renderer@3.2.26":
    version "3.2.26"
    resolved "https://registry.npmmirror.com/@vue/server-renderer/download/@vue/server-renderer-3.2.26.tgz#f16a4b9fbcc917417b4cea70c99afce2701341cf"
    integrity sha512-Jp5SggDUvvUYSBIvYEhy76t4nr1vapY/FIFloWmQzn7UxqaHrrBpbxrqPcTrSgGrcaglj0VBp22BKJNre4aA1w==
    dependencies:
      "@vue/compiler-ssr" "3.2.26"
      "@vue/shared" "3.2.26"
  
  "@vue/shared@3.2.26", "@vue/shared@^3.2.21":
    version "3.2.26"
    resolved "https://registry.npmmirror.com/@vue/shared/download/@vue/shared-3.2.26.tgz#7acd1621783571b9a82eca1f041b4a0a983481d9"
    integrity sha512-vPV6Cq+NIWbH5pZu+V+2QHE9y1qfuTq49uNWw4f7FDEeZaDU2H2cx5jcUZOAKW7qTrUS4k6qZPbMy1x4N96nbA==
  
  "@xmldom/xmldom@^0.7.5":
    version "0.7.5"
    resolved "https://registry.npmmirror.com/@xmldom/xmldom/download/@xmldom/xmldom-0.7.5.tgz#09fa51e356d07d0be200642b0e4f91d8e6dd408d"
    integrity sha1-CfpR41bQfQviAGQrDk+R2ObdQI0=
  
  acorn@^7.1.1:
    version "7.4.1"
    resolved "https://registry.npmmirror.com/acorn/download/acorn-7.4.1.tgz?cache=0&sync_timestamp=1637225522161&other_urls=https%3A%2F%2Fregistry.npmmirror.com%2Facorn%2Fdownload%2Facorn-7.4.1.tgz#feaed255973d2e77555b83dbc08851a6c63520fa"
    integrity sha1-/q7SVZc9LndVW4PbwIhRpsY1IPo=
  
  asap@~2.0.3:
    version "2.0.6"
    resolved "https://registry.npmmirror.com/asap/download/asap-2.0.6.tgz#e50347611d7e690943208bbdafebcbc2fb866d46"
    integrity sha1-5QNHYR1+aQlDIIu9r+vLwvuGbUY=
  
  assert-never@^1.2.1:
    version "1.2.1"
    resolved "https://registry.nlark.com/assert-never/download/assert-never-1.2.1.tgz#11f0e363bf146205fb08193b5c7b90f4d1cf44fe"
    integrity sha1-EfDjY78UYgX7CBk7XHuQ9NHPRP4=
  
  babel-walk@3.0.0-canary-5:
    version "3.0.0-canary-5"
    resolved "https://registry.nlark.com/babel-walk/download/babel-walk-3.0.0-canary-5.tgz#f66ecd7298357aee44955f235a6ef54219104b11"
    integrity sha1-9m7Ncpg1eu5ElV8jWm71QhkQSxE=
    dependencies:
      "@babel/types" "^7.9.6"
  
  call-bind@^1.0.2:
    version "1.0.2"
    resolved "https://registry.nlark.com/call-bind/download/call-bind-1.0.2.tgz#b1d4e89e688119c3c9a903ad30abb2f6a919be3c"
    integrity sha1-sdTonmiBGcPJqQOtMKuy9qkZvjw=
    dependencies:
      function-bind "^1.1.1"
      get-intrinsic "^1.0.2"
  
  character-parser@^2.2.0:
    version "2.2.0"
    resolved "https://registry.nlark.com/character-parser/download/character-parser-2.2.0.tgz#c7ce28f36d4bcd9744e5ffc2c5fcde1c73261fc0"
    integrity sha1-x84o821LzZdE5f/CxfzeHHMmH8A=
    dependencies:
      is-regex "^1.0.3"
  
  constantinople@^4.0.1:
    version "4.0.1"
    resolved "https://registry.nlark.com/constantinople/download/constantinople-4.0.1.tgz#0def113fa0e4dc8de83331a5cf79c8b325213151"
    integrity sha1-De8RP6Dk3I3oMzGlz3nIsyUhMVE=
    dependencies:
      "@babel/parser" "^7.6.0"
      "@babel/types" "^7.6.1"
  
  core-js@^3.6.5:
    version "3.20.0"
    resolved "https://registry.npmmirror.com/core-js/download/core-js-3.20.0.tgz#1c5ac07986b8d15473ab192e45a2e115a4a95b79"
    integrity sha512-KjbKU7UEfg4YPpskMtMXPhUKn7m/1OdTHTVjy09ScR2LVaoUXe8Jh0UdvN2EKUR6iKTJph52SJP95mAB0MnVLQ==
  
  core-util-is@~1.0.0:
    version "1.0.3"
    resolved "https://registry.nlark.com/core-util-is/download/core-util-is-1.0.3.tgz#a6042d3634c2b27e9328f837b965fac83808db85"
    integrity sha1-pgQtNjTCsn6TKPg3uWX6yDgI24U=
  
  csstype@^2.6.8:
    version "2.6.19"
    resolved "https://registry.npmmirror.com/csstype/download/csstype-2.6.19.tgz?cache=0&sync_timestamp=1637224572804&other_urls=https%3A%2F%2Fregistry.npmmirror.com%2Fcsstype%2Fdownload%2Fcsstype-2.6.19.tgz#feeb5aae89020bb389e1f63669a5ed490e391caa"
    integrity sha512-ZVxXaNy28/k3kJg0Fou5MiYpp88j7H9hLZp8PDC3jV0WFjfH5E9xHb56L0W59cPbKbcHXeP4qyT8PrHp8t6LcQ==
  
  d@1, d@^1.0.1:
    version "1.0.1"
    resolved "https://registry.npmmirror.com/d/download/d-1.0.1.tgz#8698095372d58dbee346ffd0c7093f99f8f9eb5a"
    integrity sha1-hpgJU3LVjb7jRv/Qxwk/mfj561o=
    dependencies:
      es5-ext "^0.10.50"
      type "^1.0.1"
  
  doctypes@^1.1.0:
    version "1.1.0"
    resolved "https://registry.nlark.com/doctypes/download/doctypes-1.1.0.tgz#ea80b106a87538774e8a3a4a5afe293de489e0a9"
    integrity sha1-6oCxBqh1OHdOijpKWv4pPeSJ4Kk=
  
  dom-serializer@^1.0.1:
    version "1.3.2"
    resolved "https://registry.nlark.com/dom-serializer/download/dom-serializer-1.3.2.tgz#6206437d32ceefaec7161803230c7a20bc1b4d91"
    integrity sha1-YgZDfTLO767HFhgDIwx6ILwbTZE=
    dependencies:
      domelementtype "^2.0.1"
      domhandler "^4.2.0"
      entities "^2.0.0"
  
  domelementtype@^2.0.1, domelementtype@^2.2.0:
    version "2.2.0"
    resolved "https://registry.nlark.com/domelementtype/download/domelementtype-2.2.0.tgz#9a0b6c2782ed6a1c7323d42267183df9bd8b1d57"
    integrity sha1-mgtsJ4LtahxzI9QiZxg9+b2LHVc=
  
  domhandler@^4.2.0, domhandler@^4.2.2:
    version "4.3.0"
    resolved "https://registry.npmmirror.com/domhandler/download/domhandler-4.3.0.tgz#16c658c626cf966967e306f966b431f77d4a5626"
    integrity sha512-fC0aXNQXqKSFTr2wDNZDhsEYjCiYsDWl3D01kwt25hm1YIPyDGHvvi3rw+PLqHAl/m71MaiF7d5zvBr0p5UB2g==
    dependencies:
      domelementtype "^2.2.0"
  
  domutils@^2.8.0:
    version "2.8.0"
    resolved "https://registry.nlark.com/domutils/download/domutils-2.8.0.tgz#4437def5db6e2d1f5d6ee859bd95ca7d02048135"
    integrity sha1-RDfe9dtuLR9dbuhZvZXKfQIEgTU=
    dependencies:
      dom-serializer "^1.0.1"
      domelementtype "^2.2.0"
      domhandler "^4.2.0"
  
  emmet@^2.3.0:
    version "2.3.5"
    resolved "https://registry.npmmirror.com/emmet/download/emmet-2.3.5.tgz#7f80f9c3db6831d1ee2b458717b9c36a074b1a47"
    integrity sha512-LcWfTamJnXIdMfLvJEC5Ld3hY5/KHXgv1L1bp6I7eEvB0ZhacHZ1kX0BYovJ8FroEsreLcq7n7kZhRMsf6jkXQ==
    dependencies:
      "@emmetio/abbreviation" "^2.2.2"
      "@emmetio/css-abbreviation" "^2.1.4"
  
  entities@^2.0.0:
    version "2.2.0"
    resolved "https://registry.nlark.com/entities/download/entities-2.2.0.tgz#098dc90ebb83d8dffa089d55256b351d34c4da55"
    integrity sha1-CY3JDruD2N/6CJ1VJWs1HTTE2lU=
  
  entities@^3.0.1:
    version "3.0.1"
    resolved "https://registry.nlark.com/entities/download/entities-3.0.1.tgz#2b887ca62585e96db3903482d336c1006c3001d4"
    integrity sha1-K4h8piWF6W2zkDSC0zbBAGwwAdQ=
  
  epub.js@^0.2.15:
    version "0.2.15"
    resolved "https://registry.npmmirror.com/epub.js/download/epub.js-0.2.15.tgz#9e21f393a9d356a58679c9f7e9353fcd0aa556d0"
    integrity sha1-niHzk6nTVqWGecn36TU/zQqlVtA=
    dependencies:
      jquery "^2.1.4"
      jszip "^2.5.0"
      localforage "^1.2.10"
      rsvp "^3.1.0"
      screenfull "^2.0.0"
  
  epubjs@^0.3.89:
    version "0.3.89"
    resolved "https://registry.npmmirror.com/epubjs/download/epubjs-0.3.89.tgz#125c82d52095c859f284ddebb5cb17da37dde286"
    integrity sha1-ElyC1SCVyFnyhN3rtcsX2jfd4oY=
    dependencies:
      "@types/localforage" "0.0.34"
      "@xmldom/xmldom" "^0.7.5"
      core-js "^3.6.5"
      event-emitter "^0.3.5"
      jszip "^3.4.0"
      localforage "^1.7.3"
      lodash "^4.17.15"
      marks-pane "^1.0.9"
      path-webpack "0.0.3"
  
  es5-ext@^0.10.35, es5-ext@^0.10.50, es5-ext@~0.10.14:
    version "0.10.53"
    resolved "https://registry.nlark.com/es5-ext/download/es5-ext-0.10.53.tgz#93c5a3acfdbef275220ad72644ad02ee18368de1"
    integrity sha1-k8WjrP2+8nUiCtcmRK0C7hg2jeE=
    dependencies:
      es6-iterator "~2.0.3"
      es6-symbol "~3.1.3"
      next-tick "~1.0.0"
  
  es6-iterator@~2.0.3:
    version "2.0.3"
    resolved "https://registry.nlark.com/es6-iterator/download/es6-iterator-2.0.3.tgz#a7de889141a05a94b0854403b2d0a0fbfa98f3b7"
    integrity sha1-p96IkUGgWpSwhUQDstCg+/qY87c=
    dependencies:
      d "1"
      es5-ext "^0.10.35"
      es6-symbol "^3.1.1"
  
  es6-symbol@^3.1.1, es6-symbol@~3.1.3:
    version "3.1.3"
    resolved "https://registry.nlark.com/es6-symbol/download/es6-symbol-3.1.3.tgz#bad5d3c1bcdac28269f4cb331e431c78ac705d18"
    integrity sha1-utXTwbzawoJp9MszHkMceKxwXRg=
    dependencies:
      d "^1.0.1"
      ext "^1.1.2"
  
  esbuild-android-arm64@0.13.15:
    version "0.13.15"
    resolved "https://registry.npmmirror.com/esbuild-android-arm64/download/esbuild-android-arm64-0.13.15.tgz#3fc3ff0bab76fe35dd237476b5d2b32bb20a3d44"
    integrity sha512-m602nft/XXeO8YQPUDVoHfjyRVPdPgjyyXOxZ44MK/agewFFkPa8tUo6lAzSWh5Ui5PB4KR9UIFTSBKh/RrCmg==
  
  esbuild-darwin-64@0.13.15:
    version "0.13.15"
    resolved "https://registry.npmmirror.com/esbuild-darwin-64/download/esbuild-darwin-64-0.13.15.tgz#8e9169c16baf444eacec60d09b24d11b255a8e72"
    integrity sha512-ihOQRGs2yyp7t5bArCwnvn2Atr6X4axqPpEdCFPVp7iUj4cVSdisgvEKdNR7yH3JDjW6aQDw40iQFoTqejqxvQ==
  
  esbuild-darwin-arm64@0.13.15:
    version "0.13.15"
    resolved "https://registry.npmmirror.com/esbuild-darwin-arm64/download/esbuild-darwin-arm64-0.13.15.tgz#1b07f893b632114f805e188ddfca41b2b778229a"
    integrity sha512-i1FZssTVxUqNlJ6cBTj5YQj4imWy3m49RZRnHhLpefFIh0To05ow9DTrXROTE1urGTQCloFUXTX8QfGJy1P8dQ==
  
  esbuild-freebsd-64@0.13.15:
    version "0.13.15"
    resolved "https://registry.npmmirror.com/esbuild-freebsd-64/download/esbuild-freebsd-64-0.13.15.tgz#0b8b7eca1690c8ec94c75680c38c07269c1f4a85"
    integrity sha512-G3dLBXUI6lC6Z09/x+WtXBXbOYQZ0E8TDBqvn7aMaOCzryJs8LyVXKY4CPnHFXZAbSwkCbqiPuSQ1+HhrNk7EA==
  
  esbuild-freebsd-arm64@0.13.15:
    version "0.13.15"
    resolved "https://registry.npmmirror.com/esbuild-freebsd-arm64/download/esbuild-freebsd-arm64-0.13.15.tgz#2e1a6c696bfdcd20a99578b76350b41db1934e52"
    integrity sha512-KJx0fzEDf1uhNOZQStV4ujg30WlnwqUASaGSFPhznLM/bbheu9HhqZ6mJJZM32lkyfGJikw0jg7v3S0oAvtvQQ==
  
  esbuild-linux-32@0.13.15:
    version "0.13.15"
    resolved "https://registry.npmmirror.com/esbuild-linux-32/download/esbuild-linux-32-0.13.15.tgz#6fd39f36fc66dd45b6b5f515728c7bbebc342a69"
    integrity sha512-ZvTBPk0YWCLMCXiFmD5EUtB30zIPvC5Itxz0mdTu/xZBbbHJftQgLWY49wEPSn2T/TxahYCRDWun5smRa0Tu+g==
  
  esbuild-linux-64@0.13.15:
    version "0.13.15"
    resolved "https://registry.npmmirror.com/esbuild-linux-64/download/esbuild-linux-64-0.13.15.tgz#9cb8e4bcd7574e67946e4ee5f1f1e12386bb6dd3"
    integrity sha512-eCKzkNSLywNeQTRBxJRQ0jxRCl2YWdMB3+PkWFo2BBQYC5mISLIVIjThNtn6HUNqua1pnvgP5xX0nHbZbPj5oA==
  
  esbuild-linux-arm64@0.13.15:
    version "0.13.15"
    resolved "https://registry.npmmirror.com/esbuild-linux-arm64/download/esbuild-linux-arm64-0.13.15.tgz#3891aa3704ec579a1b92d2a586122e5b6a2bfba1"
    integrity sha512-bYpuUlN6qYU9slzr/ltyLTR9YTBS7qUDymO8SV7kjeNext61OdmqFAzuVZom+OLW1HPHseBfJ/JfdSlx8oTUoA==
  
  esbuild-linux-arm@0.13.15:
    version "0.13.15"
    resolved "https://registry.npmmirror.com/esbuild-linux-arm/download/esbuild-linux-arm-0.13.15.tgz#8a00e99e6a0c6c9a6b7f334841364d8a2b4aecfe"
    integrity sha512-wUHttDi/ol0tD8ZgUMDH8Ef7IbDX+/UsWJOXaAyTdkT7Yy9ZBqPg8bgB/Dn3CZ9SBpNieozrPRHm0BGww7W/jA==
  
  esbuild-linux-mips64le@0.13.15:
    version "0.13.15"
    resolved "https://registry.npmmirror.com/esbuild-linux-mips64le/download/esbuild-linux-mips64le-0.13.15.tgz#36b07cc47c3d21e48db3bb1f4d9ef8f46aead4f7"
    integrity sha512-KlVjIG828uFPyJkO/8gKwy9RbXhCEUeFsCGOJBepUlpa7G8/SeZgncUEz/tOOUJTcWMTmFMtdd3GElGyAtbSWg==
  
  esbuild-linux-ppc64le@0.13.15:
    version "0.13.15"
    resolved "https://registry.npmmirror.com/esbuild-linux-ppc64le/download/esbuild-linux-ppc64le-0.13.15.tgz#f7e6bba40b9a11eb9dcae5b01550ea04670edad2"
    integrity sha512-h6gYF+OsaqEuBjeesTBtUPw0bmiDu7eAeuc2OEH9S6mV9/jPhPdhOWzdeshb0BskRZxPhxPOjqZ+/OqLcxQwEQ==
  
  esbuild-netbsd-64@0.13.15:
    version "0.13.15"
    resolved "https://registry.npmmirror.com/esbuild-netbsd-64/download/esbuild-netbsd-64-0.13.15.tgz#a2fedc549c2b629d580a732d840712b08d440038"
    integrity sha512-3+yE9emwoevLMyvu+iR3rsa+Xwhie7ZEHMGDQ6dkqP/ndFzRHkobHUKTe+NCApSqG5ce2z4rFu+NX/UHnxlh3w==
  
  esbuild-openbsd-64@0.13.15:
    version "0.13.15"
    resolved "https://registry.npmmirror.com/esbuild-openbsd-64/download/esbuild-openbsd-64-0.13.15.tgz#b22c0e5806d3a1fbf0325872037f885306b05cd7"
    integrity sha512-wTfvtwYJYAFL1fSs8yHIdf5GEE4NkbtbXtjLWjM3Cw8mmQKqsg8kTiqJ9NJQe5NX/5Qlo7Xd9r1yKMMkHllp5g==
  
  esbuild-sunos-64@0.13.15:
    version "0.13.15"
    resolved "https://registry.npmmirror.com/esbuild-sunos-64/download/esbuild-sunos-64-0.13.15.tgz#d0b6454a88375ee8d3964daeff55c85c91c7cef4"
    integrity sha512-lbivT9Bx3t1iWWrSnGyBP9ODriEvWDRiweAs69vI+miJoeKwHWOComSRukttbuzjZ8r1q0mQJ8Z7yUsDJ3hKdw==
  
  esbuild-windows-32@0.13.15:
    version "0.13.15"
    resolved "https://registry.npmmirror.com/esbuild-windows-32/download/esbuild-windows-32-0.13.15.tgz#c96d0b9bbb52f3303322582ef8e4847c5ad375a7"
    integrity sha512-fDMEf2g3SsJ599MBr50cY5ve5lP1wyVwTe6aLJsM01KtxyKkB4UT+fc5MXQFn3RLrAIAZOG+tHC+yXObpSn7Nw==
  
  esbuild-windows-64@0.13.15:
    version "0.13.15"
    resolved "https://registry.npmmirror.com/esbuild-windows-64/download/esbuild-windows-64-0.13.15.tgz#1f79cb9b1e1bb02fb25cd414cb90d4ea2892c294"
    integrity sha512-9aMsPRGDWCd3bGjUIKG/ZOJPKsiztlxl/Q3C1XDswO6eNX/Jtwu4M+jb6YDH9hRSUflQWX0XKAfWzgy5Wk54JQ==
  
  esbuild-windows-arm64@0.13.15:
    version "0.13.15"
    resolved "https://registry.npmmirror.com/esbuild-windows-arm64/download/esbuild-windows-arm64-0.13.15.tgz#482173070810df22a752c686509c370c3be3b3c3"
    integrity sha512-zzvyCVVpbwQQATaf3IG8mu1IwGEiDxKkYUdA4FpoCHi1KtPa13jeScYDjlW0Qh+ebWzpKfR2ZwvqAQkSWNcKjA==
  
  esbuild@^0.13.12:
    version "0.13.15"
    resolved "https://registry.npmmirror.com/esbuild/download/esbuild-0.13.15.tgz#db56a88166ee373f87dbb2d8798ff449e0450cdf"
    integrity sha512-raCxt02HBKv8RJxE8vkTSCXGIyKHdEdGfUmiYb8wnabnaEmHzyW7DCHb5tEN0xU8ryqg5xw54mcwnYkC4x3AIw==
    optionalDependencies:
      esbuild-android-arm64 "0.13.15"
      esbuild-darwin-64 "0.13.15"
      esbuild-darwin-arm64 "0.13.15"
      esbuild-freebsd-64 "0.13.15"
      esbuild-freebsd-arm64 "0.13.15"
      esbuild-linux-32 "0.13.15"
      esbuild-linux-64 "0.13.15"
      esbuild-linux-arm "0.13.15"
      esbuild-linux-arm64 "0.13.15"
      esbuild-linux-mips64le "0.13.15"
      esbuild-linux-ppc64le "0.13.15"
      esbuild-netbsd-64 "0.13.15"
      esbuild-openbsd-64 "0.13.15"
      esbuild-sunos-64 "0.13.15"
      esbuild-windows-32 "0.13.15"
      esbuild-windows-64 "0.13.15"
      esbuild-windows-arm64 "0.13.15"
  
  estree-walker@^2.0.2:
    version "2.0.2"
    resolved "https://registry.nlark.com/estree-walker/download/estree-walker-2.0.2.tgz#52f010178c2a4c117a7757cfe942adb7d2da4cac"
    integrity sha1-UvAQF4wqTBF6d1fP6UKtt9LaTKw=
  
  event-emitter@^0.3.5:
    version "0.3.5"
    resolved "https://registry.nlark.com/event-emitter/download/event-emitter-0.3.5.tgz#df8c69eef1647923c7157b9ce83840610b02cc39"
    integrity sha1-34xp7vFkeSPHFXuc6DhAYQsCzDk=
    dependencies:
      d "1"
      es5-ext "~0.10.14"
  
  ext@^1.1.2:
    version "1.6.0"
    resolved "https://registry.npmmirror.com/ext/download/ext-1.6.0.tgz#3871d50641e874cc172e2b53f919842d19db4c52"
    integrity sha1-OHHVBkHodMwXLitT+RmELRnbTFI=
    dependencies:
      type "^2.5.0"
  
  fsevents@~2.3.2:
    version "2.3.2"
    resolved "https://registry.npmmirror.com/fsevents/download/fsevents-2.3.2.tgz#8a526f78b8fdf4623b709e0b975c52c24c02fd1a"
    integrity sha1-ilJveLj99GI7cJ4Ll1xSwkwC/Ro=
  
  function-bind@^1.1.1:
    version "1.1.1"
    resolved "https://registry.nlark.com/function-bind/download/function-bind-1.1.1.tgz#a56899d3ea3c9bab874bb9773b7c5ede92f4895d"
    integrity sha1-pWiZ0+o8m6uHS7l3O3xe3pL0iV0=
  
  get-intrinsic@^1.0.2:
    version "1.1.1"
    resolved "https://registry.nlark.com/get-intrinsic/download/get-intrinsic-1.1.1.tgz#15f59f376f855c446963948f0d24cd3637b4abc6"
    integrity sha1-FfWfN2+FXERpY5SPDSTNNje0q8Y=
    dependencies:
      function-bind "^1.1.1"
      has "^1.0.3"
      has-symbols "^1.0.1"
  
  has-symbols@^1.0.1, has-symbols@^1.0.2:
    version "1.0.2"
    resolved "https://registry.nlark.com/has-symbols/download/has-symbols-1.0.2.tgz#165d3070c00309752a1236a479331e3ac56f1423"
    integrity sha1-Fl0wcMADCXUqEjakeTMeOsVvFCM=
  
  has-tostringtag@^1.0.0:
    version "1.0.0"
    resolved "https://registry.nlark.com/has-tostringtag/download/has-tostringtag-1.0.0.tgz?cache=0&sync_timestamp=1628199163867&other_urls=https%3A%2F%2Fregistry.nlark.com%2Fhas-tostringtag%2Fdownload%2Fhas-tostringtag-1.0.0.tgz#7e133818a7d394734f941e73c3d3f9291e658b25"
    integrity sha1-fhM4GKfTlHNPlB5zw9P5KR5liyU=
    dependencies:
      has-symbols "^1.0.2"
  
  has@^1.0.3:
    version "1.0.3"
    resolved "https://registry.nlark.com/has/download/has-1.0.3.tgz#722d7cbfc1f6aa8241f16dd814e011e1f41e8796"
    integrity sha1-ci18v8H2qoJB8W3YFOAR4fQeh5Y=
    dependencies:
      function-bind "^1.1.1"
  
  htmlparser2@^7.1.2:
    version "7.2.0"
    resolved "https://registry.npmmirror.com/htmlparser2/download/htmlparser2-7.2.0.tgz?cache=0&sync_timestamp=1636640990615&other_urls=https%3A%2F%2Fregistry.npmmirror.com%2Fhtmlparser2%2Fdownload%2Fhtmlparser2-7.2.0.tgz#8817cdea38bbc324392a90b1990908e81a65f5a5"
    integrity sha512-H7MImA4MS6cw7nbyURtLPO1Tms7C5H602LRETv95z1MxO/7CP7rDVROehUYeYBUYEON94NXXDEPmZuq+hX4sog==
    dependencies:
      domelementtype "^2.0.1"
      domhandler "^4.2.2"
      domutils "^2.8.0"
      entities "^3.0.1"
  
  immediate@~3.0.5:
    version "3.0.6"
    resolved "https://registry.nlark.com/immediate/download/immediate-3.0.6.tgz#9db1dbd0faf8de6fbe0f5dd5e56bb606280de69b"
    integrity sha1-nbHb0Pr43m++D13V5Wu2BigN5ps=
  
  inherits@~2.0.3:
    version "2.0.4"
    resolved "https://registry.nlark.com/inherits/download/inherits-2.0.4.tgz#0fa2c64f932917c3433a0ded55363aae37416b7c"
    integrity sha1-D6LGT5MpF8NDOg3tVTY6rjdBa3w=
  
  is-core-module@^2.2.0:
    version "2.8.0"
    resolved "https://registry.npmmirror.com/is-core-module/download/is-core-module-2.8.0.tgz?cache=0&sync_timestamp=1634236434261&other_urls=https%3A%2F%2Fregistry.npmmirror.com%2Fis-core-module%2Fdownload%2Fis-core-module-2.8.0.tgz#0321336c3d0925e497fd97f5d95cb114a5ccd548"
    integrity sha1-AyEzbD0JJeSX/Zf12VyxFKXM1Ug=
    dependencies:
      has "^1.0.3"
  
  is-expression@^4.0.0:
    version "4.0.0"
    resolved "https://registry.nlark.com/is-expression/download/is-expression-4.0.0.tgz#c33155962abf21d0afd2552514d67d2ec16fd2ab"
    integrity sha1-wzFVliq/IdCv0lUlFNZ9LsFv0qs=
    dependencies:
      acorn "^7.1.1"
      object-assign "^4.1.1"
  
  is-promise@^2.0.0:
    version "2.2.2"
    resolved "https://registry.nlark.com/is-promise/download/is-promise-2.2.2.tgz#39ab959ccbf9a774cf079f7b40c7a26f763135f1"
    integrity sha1-OauVnMv5p3TPB597QMeib3YxNfE=
  
  is-regex@^1.0.3:
    version "1.1.4"
    resolved "https://registry.nlark.com/is-regex/download/is-regex-1.1.4.tgz#eef5663cd59fa4c0ae339505323df6854bb15958"
    integrity sha1-7vVmPNWfpMCuM5UFMj32hUuxWVg=
    dependencies:
      call-bind "^1.0.2"
      has-tostringtag "^1.0.0"
  
  isarray@~1.0.0:
    version "1.0.0"
    resolved "https://registry.nlark.com/isarray/download/isarray-1.0.0.tgz#bb935d48582cba168c06834957a54a3e07124f11"
    integrity sha1-u5NdSFgsuhaMBoNJV6VKPgcSTxE=
  
  jquery@^2.1.4:
    version "2.2.4"
    resolved "https://registry.npmmirror.com/jquery/download/jquery-2.2.4.tgz#2c89d6889b5eac522a7eea32c14521559c6cbf02"
    integrity sha1-LInWiJterFIqfuoywUUhVZxsvwI=
  
  js-stringify@^1.0.2:
    version "1.0.2"
    resolved "https://registry.nlark.com/js-stringify/download/js-stringify-1.0.2.tgz#1736fddfd9724f28a3682adc6230ae7e4e9679db"
    integrity sha1-Fzb939lyTyijaCrcYjCufk6Weds=
  
  jsonc-parser@^2.3.0:
    version "2.3.1"
    resolved "https://registry.nlark.com/jsonc-parser/download/jsonc-parser-2.3.1.tgz#59549150b133f2efacca48fe9ce1ec0659af2342"
    integrity sha1-WVSRULEz8u+sykj+nOHsBlmvI0I=
  
  jsonc-parser@^3.0.0:
    version "3.0.0"
    resolved "https://registry.nlark.com/jsonc-parser/download/jsonc-parser-3.0.0.tgz#abdd785701c7e7eaca8a9ec8cf070ca51a745a22"
    integrity sha1-q914VwHH5+rKip7IzwcMpRp0WiI=
  
  jstransformer@1.0.0:
    version "1.0.0"
    resolved "https://registry.npmmirror.com/jstransformer/download/jstransformer-1.0.0.tgz#ed8bf0921e2f3f1ed4d5c1a44f68709ed24722c3"
    integrity sha1-7Yvwkh4vPx7U1cGkT2hwntJHIsM=
    dependencies:
      is-promise "^2.0.0"
      promise "^7.0.1"
  
  jszip@^2.5.0:
    version "2.6.1"
    resolved "https://registry.nlark.com/jszip/download/jszip-2.6.1.tgz#b88f3a7b2e67a2a048152982c7a3756d9c4828f0"
    integrity sha1-uI86ey5noqBIFSmCx6N1bZxIKPA=
    dependencies:
      pako "~1.0.2"
  
  jszip@^3.4.0:
    version "3.7.1"
    resolved "https://registry.nlark.com/jszip/download/jszip-3.7.1.tgz#bd63401221c15625a1228c556ca8a68da6fda3d9"
    integrity sha1-vWNAEiHBViWhIoxVbKimjab9o9k=
    dependencies:
      lie "~3.3.0"
      pako "~1.0.2"
      readable-stream "~2.3.6"
      set-immediate-shim "~1.0.1"
  
  lie@3.1.1:
    version "3.1.1"
    resolved "https://registry.npmmirror.com/lie/download/lie-3.1.1.tgz#9a436b2cc7746ca59de7a41fa469b3efb76bd87e"
    integrity sha1-mkNrLMd0bKWd56QfpGmz77dr2H4=
    dependencies:
      immediate "~3.0.5"
  
  lie@~3.3.0:
    version "3.3.0"
    resolved "https://registry.npmmirror.com/lie/download/lie-3.3.0.tgz#dcf82dee545f46074daf200c7c1c5a08e0f40f6a"
    integrity sha1-3Pgt7lRfRgdNryAMfBxaCOD0D2o=
    dependencies:
      immediate "~3.0.5"
  
  localforage@*, localforage@^1.2.10, localforage@^1.7.3:
    version "1.10.0"
    resolved "https://registry.nlark.com/localforage/download/localforage-1.10.0.tgz#5c465dc5f62b2807c3a84c0c6a1b1b3212781dd4"
    integrity sha1-XEZdxfYrKAfDqEwMahsbMhJ4HdQ=
    dependencies:
      lie "3.1.1"
  
  lodash@^4.17.15:
    version "4.17.21"
    resolved "https://registry.npmmirror.com/lodash/download/lodash-4.17.21.tgz#679591c564c3bffaae8454cf0b3df370c3d6911c"
    integrity sha1-Z5WRxWTDv/quhFTPCz3zcMPWkRw=
  
  lru-cache@^6.0.0:
    version "6.0.0"
    resolved "https://registry.nlark.com/lru-cache/download/lru-cache-6.0.0.tgz#6d6fe6570ebd96aaf90fcad1dafa3b2566db3a94"
    integrity sha1-bW/mVw69lqr5D8rR2vo7JWbbOpQ=
    dependencies:
      yallist "^4.0.0"
  
  magic-string@^0.25.7:
    version "0.25.7"
    resolved "https://registry.nlark.com/magic-string/download/magic-string-0.25.7.tgz#3f497d6fd34c669c6798dcb821f2ef31f5445051"
    integrity sha1-P0l9b9NMZpxnmNy4IfLvMfVEUFE=
    dependencies:
      sourcemap-codec "^1.4.4"
  
  marks-pane@^1.0.9:
    version "1.0.9"
    resolved "https://registry.nlark.com/marks-pane/download/marks-pane-1.0.9.tgz#c0b5ab813384d8cd81faaeb3bbf3397dc809c1b3"
    integrity sha1-wLWrgTOE2M2B+q6zu/M5fcgJwbM=
  
  nanoid@^3.1.30:
    version "3.1.30"
    resolved "https://registry.npmmirror.com/nanoid/download/nanoid-3.1.30.tgz?cache=0&other_urls=https%3A%2F%2Fregistry.npmmirror.com%2Fnanoid%2Fdownload%2Fnanoid-3.1.30.tgz#63f93cc548d2a113dc5dfbc63bfa09e2b9b64362"
    integrity sha1-Y/k8xUjSoRPcXfvGO/oJ4rm2Q2I=
  
  next-tick@~1.0.0:
    version "1.0.0"
    resolved "https://registry.nlark.com/next-tick/download/next-tick-1.0.0.tgz#ca86d1fe8828169b0120208e3dc8424b9db8342c"
    integrity sha1-yobR/ogoFpsBICCOPchCS524NCw=
  
  object-assign@^4.1.1:
    version "4.1.1"
    resolved "https://registry.nlark.com/object-assign/download/object-assign-4.1.1.tgz#2109adc7965887cfc05cbbd442cac8bfbb360863"
    integrity sha1-IQmtx5ZYh8/AXLvUQsrIv7s2CGM=
  
  pako@~1.0.2:
    version "1.0.11"
    resolved "https://registry.nlark.com/pako/download/pako-1.0.11.tgz?cache=0&sync_timestamp=1627560125189&other_urls=https%3A%2F%2Fregistry.nlark.com%2Fpako%2Fdownload%2Fpako-1.0.11.tgz#6c9599d340d54dfd3946380252a35705a6b992bf"
    integrity sha1-bJWZ00DVTf05RjgCUqNXBaa5kr8=
  
  path-parse@^1.0.6:
    version "1.0.7"
    resolved "https://registry.nlark.com/path-parse/download/path-parse-1.0.7.tgz#fbc114b60ca42b30d9daf5858e4bd68bbedb6735"
    integrity sha1-+8EUtgykKzDZ2vWFjkvWi77bZzU=
  
  path-webpack@0.0.3:
    version "0.0.3"
    resolved "https://registry.nlark.com/path-webpack/download/path-webpack-0.0.3.tgz#ff6dec749eec5a94605c04d5f63fc55607a03a16"
    integrity sha1-/23sdJ7sWpRgXATV9j/FVgegOhY=
  
  picocolors@^1.0.0:
    version "1.0.0"
    resolved "https://registry.npmmirror.com/picocolors/download/picocolors-1.0.0.tgz?cache=0&sync_timestamp=1634093339035&other_urls=https%3A%2F%2Fregistry.npmmirror.com%2Fpicocolors%2Fdownload%2Fpicocolors-1.0.0.tgz#cb5bdc74ff3f51892236eaf79d68bc44564ab81c"
    integrity sha1-y1vcdP8/UYkiNur3nWi8RFZKuBw=
  
  postcss@^8.1.10, postcss@^8.3.11:
    version "8.4.5"
    resolved "https://registry.npmmirror.com/postcss/download/postcss-8.4.5.tgz#bae665764dfd4c6fcc24dc0fdf7e7aa00cc77f95"
    integrity sha512-jBDboWM8qpaqwkMwItqTQTiFikhs/67OYVvblFFTM7MrZjt6yMKd6r2kgXizEbTTljacm4NldIlZnhbjr84QYg==
    dependencies:
      nanoid "^3.1.30"
      picocolors "^1.0.0"
      source-map-js "^1.0.1"
  
  process-nextick-args@~2.0.0:
    version "2.0.1"
    resolved "https://registry.nlark.com/process-nextick-args/download/process-nextick-args-2.0.1.tgz#7820d9b16120cc55ca9ae7792680ae7dba6d7fe2"
    integrity sha1-eCDZsWEgzFXKmud5JoCufbptf+I=
  
  promise@^7.0.1:
    version "7.3.1"
    resolved "https://registry.nlark.com/promise/download/promise-7.3.1.tgz#064b72602b18f90f29192b8b1bc418ffd1ebd3bf"
    integrity sha1-BktyYCsY+Q8pGSuLG8QY/9Hr078=
    dependencies:
      asap "~2.0.3"
  
  pug-attrs@^3.0.0:
    version "3.0.0"
    resolved "https://registry.nlark.com/pug-attrs/download/pug-attrs-3.0.0.tgz#b10451e0348165e31fad1cc23ebddd9dc7347c41"
    integrity sha1-sQRR4DSBZeMfrRzCPr3dncc0fEE=
    dependencies:
      constantinople "^4.0.1"
      js-stringify "^1.0.2"
      pug-runtime "^3.0.0"
  
  pug-code-gen@^3.0.2:
    version "3.0.2"
    resolved "https://registry.nlark.com/pug-code-gen/download/pug-code-gen-3.0.2.tgz#ad190f4943133bf186b60b80de483100e132e2ce"
    integrity sha1-rRkPSUMTO/GGtguA3kgxAOEy4s4=
    dependencies:
      constantinople "^4.0.1"
      doctypes "^1.1.0"
      js-stringify "^1.0.2"
      pug-attrs "^3.0.0"
      pug-error "^2.0.0"
      pug-runtime "^3.0.0"
      void-elements "^3.1.0"
      with "^7.0.0"
  
  pug-error@^2.0.0:
    version "2.0.0"
    resolved "https://registry.nlark.com/pug-error/download/pug-error-2.0.0.tgz#5c62173cb09c34de2a2ce04f17b8adfec74d8ca5"
    integrity sha1-XGIXPLCcNN4qLOBPF7it/sdNjKU=
  
  pug-filters@^4.0.0:
    version "4.0.0"
    resolved "https://registry.nlark.com/pug-filters/download/pug-filters-4.0.0.tgz#d3e49af5ba8472e9b7a66d980e707ce9d2cc9b5e"
    integrity sha1-0+Sa9bqEcum3pm2YDnB86dLMm14=
    dependencies:
      constantinople "^4.0.1"
      jstransformer "1.0.0"
      pug-error "^2.0.0"
      pug-walk "^2.0.0"
      resolve "^1.15.1"
  
  pug-lexer@^5.0.1:
    version "5.0.1"
    resolved "https://registry.nlark.com/pug-lexer/download/pug-lexer-5.0.1.tgz#ae44628c5bef9b190b665683b288ca9024b8b0d5"
    integrity sha1-rkRijFvvmxkLZlaDsojKkCS4sNU=
    dependencies:
      character-parser "^2.2.0"
      is-expression "^4.0.0"
      pug-error "^2.0.0"
  
  pug-linker@^4.0.0:
    version "4.0.0"
    resolved "https://registry.nlark.com/pug-linker/download/pug-linker-4.0.0.tgz#12cbc0594fc5a3e06b9fc59e6f93c146962a7708"
    integrity sha1-EsvAWU/Fo+Brn8Web5PBRpYqdwg=
    dependencies:
      pug-error "^2.0.0"
      pug-walk "^2.0.0"
  
  pug-load@^3.0.0:
    version "3.0.0"
    resolved "https://registry.nlark.com/pug-load/download/pug-load-3.0.0.tgz#9fd9cda52202b08adb11d25681fb9f34bd41b662"
    integrity sha1-n9nNpSICsIrbEdJWgfufNL1BtmI=
    dependencies:
      object-assign "^4.1.1"
      pug-walk "^2.0.0"
  
  pug-parser@^6.0.0:
    version "6.0.0"
    resolved "https://registry.nlark.com/pug-parser/download/pug-parser-6.0.0.tgz#a8fdc035863a95b2c1dc5ebf4ecf80b4e76a1260"
    integrity sha1-qP3ANYY6lbLB3F6/Ts+AtOdqEmA=
    dependencies:
      pug-error "^2.0.0"
      token-stream "1.0.0"
  
  pug-runtime@^3.0.0, pug-runtime@^3.0.1:
    version "3.0.1"
    resolved "https://registry.nlark.com/pug-runtime/download/pug-runtime-3.0.1.tgz#f636976204723f35a8c5f6fad6acda2a191b83d7"
    integrity sha1-9jaXYgRyPzWoxfb61qzaKhkbg9c=
  
  pug-strip-comments@^2.0.0:
    version "2.0.0"
    resolved "https://registry.nlark.com/pug-strip-comments/download/pug-strip-comments-2.0.0.tgz#f94b07fd6b495523330f490a7f554b4ff876303e"
    integrity sha1-+UsH/WtJVSMzD0kKf1VLT/h2MD4=
    dependencies:
      pug-error "^2.0.0"
  
  pug-walk@^2.0.0:
    version "2.0.0"
    resolved "https://registry.nlark.com/pug-walk/download/pug-walk-2.0.0.tgz#417aabc29232bb4499b5b5069a2b2d2a24d5f5fe"
    integrity sha1-QXqrwpIyu0SZtbUGmistKiTV9f4=
  
  pug@^3.0.2:
    version "3.0.2"
    resolved "https://registry.nlark.com/pug/download/pug-3.0.2.tgz#f35c7107343454e43bc27ae0ff76c731b78ea535"
    integrity sha1-81xxBzQ0VOQ7wnrg/3bHMbeOpTU=
    dependencies:
      pug-code-gen "^3.0.2"
      pug-filters "^4.0.0"
      pug-lexer "^5.0.1"
      pug-linker "^4.0.0"
      pug-load "^3.0.0"
      pug-parser "^6.0.0"
      pug-runtime "^3.0.1"
      pug-strip-comments "^2.0.0"
  
  readable-stream@~2.3.6:
    version "2.3.7"
    resolved "https://registry.npmmirror.com/readable-stream/download/readable-stream-2.3.7.tgz#1eca1cf711aef814c04f62252a36a62f6cb23b57"
    integrity sha1-Hsoc9xGu+BTAT2IlKjamL2yyO1c=
    dependencies:
      core-util-is "~1.0.0"
      inherits "~2.0.3"
      isarray "~1.0.0"
      process-nextick-args "~2.0.0"
      safe-buffer "~5.1.1"
      string_decoder "~1.1.1"
      util-deprecate "~1.0.1"
  
  request-light@^0.5.4:
    version "0.5.5"
    resolved "https://registry.npmmirror.com/request-light/download/request-light-0.5.5.tgz#254ab0b38a1db2192170b599b05181934e14932b"
    integrity sha512-AvjfJuhyT6dYfhtIBF+IpTPQco+Td1QJ6PsIJ5xui110vQ5p9HxHk+m1XJqXazLQT6CxxSx9eNv6R/+fu4bZig==
  
  resolve@^1.15.1, resolve@^1.20.0:
    version "1.20.0"
    resolved "https://registry.nlark.com/resolve/download/resolve-1.20.0.tgz#629a013fb3f70755d6f0b7935cc1c2c5378b1975"
    integrity sha1-YpoBP7P3B1XW8LeTXMHCxTeLGXU=
    dependencies:
      is-core-module "^2.2.0"
      path-parse "^1.0.6"
  
  rollup@^2.59.0:
    version "2.61.1"
    resolved "https://registry.npmmirror.com/rollup/download/rollup-2.61.1.tgz#1a5491f84543cf9e4caf6c61222d9a3f8f2ba454"
    integrity sha512-BbTXlEvB8d+XFbK/7E5doIcRtxWPRiqr0eb5vQ0+2paMM04Ye4PZY5nHOQef2ix24l/L0SpLd5hwcH15QHPdvA==
    optionalDependencies:
      fsevents "~2.3.2"
  
  rsvp@^3.1.0:
    version "3.6.2"
    resolved "https://registry.nlark.com/rsvp/download/rsvp-3.6.2.tgz#2e96491599a96cde1b515d5674a8f7a91452926a"
    integrity sha1-LpZJFZmpbN4bUV1WdKj3qRRSkmo=
  
  safe-buffer@~5.1.0, safe-buffer@~5.1.1:
    version "5.1.2"
    resolved "https://registry.nlark.com/safe-buffer/download/safe-buffer-5.1.2.tgz#991ec69d296e0313747d59bdfd2b745c35f8828d"
    integrity sha1-mR7GnSluAxN0fVm9/St0XDX4go0=
  
  screenfull@^2.0.0:
    version "2.0.0"
    resolved "https://registry.npmmirror.com/screenfull/download/screenfull-2.0.0.tgz?cache=0&sync_timestamp=1635923508328&other_urls=https%3A%2F%2Fregistry.npmmirror.com%2Fscreenfull%2Fdownload%2Fscreenfull-2.0.0.tgz#a00b29a93e06b1ac5760eda642ca092d551814fe"
    integrity sha1-oAspqT4GsaxXYO2mQsoJLVUYFP4=
  
  semver@^7.3.5:
    version "7.3.5"
    resolved "https://registry.nlark.com/semver/download/semver-7.3.5.tgz#0b621c879348d8998e4b0e4be94b3f12e6018ef7"
    integrity sha1-C2Ich5NI2JmOSw5L6Us/EuYBjvc=
    dependencies:
      lru-cache "^6.0.0"
  
  set-immediate-shim@~1.0.1:
    version "1.0.1"
    resolved "https://registry.nlark.com/set-immediate-shim/download/set-immediate-shim-1.0.1.tgz#4b2b1b27eb808a9f8dcc481a58e5e56f599f3f61"
    integrity sha1-SysbJ+uAip+NzEgaWOXlb1mfP2E=
  
  source-map-js@^1.0.1:
    version "1.0.1"
    resolved "https://registry.npmmirror.com/source-map-js/download/source-map-js-1.0.1.tgz#a1741c131e3c77d048252adfa24e23b908670caf"
    integrity sha512-4+TN2b3tqOCd/kaGRJ/sTYA0tR0mdXx26ipdolxcwtJVqEnqNYvlCAt1q3ypy4QMlYus+Zh34RNtYLoq2oQ4IA==
  
  source-map@^0.6.1:
    version "0.6.1"
    resolved "https://registry.nlark.com/source-map/download/source-map-0.6.1.tgz#74722af32e9614e9c287a8d0bbde48b5e2f1a263"
    integrity sha1-dHIq8y6WFOnCh6jQu95IteLxomM=
  
  sourcemap-codec@^1.4.4:
    version "1.4.8"
    resolved "https://registry.nlark.com/sourcemap-codec/download/sourcemap-codec-1.4.8.tgz#ea804bd94857402e6992d05a38ef1ae35a9ab4c4"
    integrity sha1-6oBL2UhXQC5pktBaOO8a41qatMQ=
  
  string_decoder@~1.1.1:
    version "1.1.1"
    resolved "https://registry.nlark.com/string_decoder/download/string_decoder-1.1.1.tgz#9cf1611ba62685d7030ae9e4ba34149c3af03fc8"
    integrity sha1-nPFhG6YmhdcDCunkujQUnDrwP8g=
    dependencies:
      safe-buffer "~5.1.0"
  
  to-fast-properties@^2.0.0:
    version "2.0.0"
    resolved "https://registry.nlark.com/to-fast-properties/download/to-fast-properties-2.0.0.tgz#dc5e698cbd079265bc73e0377681a4e4e83f616e"
    integrity sha1-3F5pjL0HkmW8c+A3doGk5Og/YW4=
  
  token-stream@1.0.0:
    version "1.0.0"
    resolved "https://registry.nlark.com/token-stream/download/token-stream-1.0.0.tgz#cc200eab2613f4166d27ff9afc7ca56d49df6eb4"
    integrity sha1-zCAOqyYT9BZtJ/+a/HylbUnfbrQ=
  
  type@^1.0.1:
    version "1.2.0"
    resolved "https://registry.npmmirror.com/type/download/type-1.2.0.tgz#848dd7698dafa3e54a6c479e759c4bc3f18847a0"
    integrity sha1-hI3XaY2vo+VKbEeedZxLw/GIR6A=
  
  type@^2.5.0:
    version "2.5.0"
    resolved "https://registry.npmmirror.com/type/download/type-2.5.0.tgz#0a2e78c2e77907b252abe5f298c1b01c63f0db3d"
    integrity sha1-Ci54wud5B7JSq+XymMGwHGPw2z0=
  
  typescript@^4.4.4:
    version "4.5.4"
    resolved "https://registry.npmmirror.com/typescript/download/typescript-4.5.4.tgz#a17d3a0263bf5c8723b9c52f43c5084edf13c2e8"
    integrity sha512-VgYs2A2QIRuGphtzFV7aQJduJ2gyfTljngLzjpfW9FoYZF6xuw1W0vW9ghCKLfcWrCFxK81CSGRAvS1pn4fIUg==
  
  upath@^2.0.1:
    version "2.0.1"
    resolved "https://registry.nlark.com/upath/download/upath-2.0.1.tgz#50c73dea68d6f6b990f51d279ce6081665d61a8b"
    integrity sha1-UMc96mjW9rmQ9R0nnOYIFmXWGos=
  
  util-deprecate@~1.0.1:
    version "1.0.2"
    resolved "https://registry.nlark.com/util-deprecate/download/util-deprecate-1.0.2.tgz#450d4dc9fa70de732762fbd2d4a28981419a0ccf"
    integrity sha1-RQ1Nyfpw3nMnYvvS1KKJgUGaDM8=
  
  vite@^2.7.2:
    version "2.7.2"
    resolved "https://registry.npmmirror.com/vite/download/vite-2.7.2.tgz#f9937114cf2e730a7e2e4c4f8c26ed0ed1c3bb6b"
    integrity sha512-wMffVVdKZRZP/HwW3yttKL8X+IJePz7bUcnGm0vqljffpVwHpjWC3duZtJQHAGvy+wrTjmwU7vkULpZ1dVXY6w==
    dependencies:
      esbuild "^0.13.12"
      postcss "^8.3.11"
      resolve "^1.20.0"
      rollup "^2.59.0"
    optionalDependencies:
      fsevents "~2.3.2"
  
  void-elements@^3.1.0:
    version "3.1.0"
    resolved "https://registry.nlark.com/void-elements/download/void-elements-3.1.0.tgz#614f7fbf8d801f0bb5f0661f5b2f5785750e4f09"
    integrity sha1-YU9/v42AHwu18GYfWy9XhXUOTwk=
  
  vscode-css-languageservice@^5.1.7:
    version "5.1.9"
    resolved "https://registry.npmmirror.com/vscode-css-languageservice/download/vscode-css-languageservice-5.1.9.tgz#9d473e5c61fa6d4d62719d9b8715ff6c644bf14e"
    integrity sha512-/tFOWeZBL3Oc9Zc+2MAi3rEwiXJTSZsvjB+M7nSjWLbGPUIjukUA7YzLgsBoUfR35sPJYnXWUkL56PdfIYM8GA==
    dependencies:
      vscode-languageserver-textdocument "^1.0.1"
      vscode-languageserver-types "^3.16.0"
      vscode-nls "^5.0.0"
      vscode-uri "^3.0.2"
  
  vscode-html-languageservice@^4.1.0:
    version "4.2.1"
    resolved "https://registry.npmmirror.com/vscode-html-languageservice/download/vscode-html-languageservice-4.2.1.tgz#b95077cffd19bf187e53c7bf79e3e0dd7edbc7cf"
    integrity sha512-PgaToZVXJ44nFWEBuSINdDgVV6EnpC3MnXBsysR3O5TKcAfywbYeRGRy+Y4dVR7YeUgDvtb+JkJoSkaYC0mxXQ==
    dependencies:
      vscode-languageserver-textdocument "^1.0.1"
      vscode-languageserver-types "^3.16.0"
      vscode-nls "^5.0.0"
      vscode-uri "^3.0.2"
  
  vscode-json-languageservice@^4.1.8:
    version "4.1.10"
    resolved "https://registry.npmmirror.com/vscode-json-languageservice/download/vscode-json-languageservice-4.1.10.tgz#5d5729fc4f3e02f41599e0104523a1877c25f0fb"
    integrity sha512-IHliMEEYSY0tJjJt0ECb8ESx/nRXpoy9kN42WVQXgaqGyizFAf3jibSiezDQTrrY7f3kywXggCU+kkJEM+OLZQ==
    dependencies:
      jsonc-parser "^3.0.0"
      vscode-languageserver-textdocument "^1.0.1"
      vscode-languageserver-types "^3.16.0"
      vscode-nls "^5.0.0"
      vscode-uri "^3.0.2"
  
  vscode-jsonrpc@8.0.0-next.4, vscode-jsonrpc@^8.0.0-next.2:
    version "8.0.0-next.4"
    resolved "https://registry.npmmirror.com/vscode-jsonrpc/download/vscode-jsonrpc-8.0.0-next.4.tgz#c0da5e3536c0862e8189b1678a3a7c4900e6ecbd"
    integrity sha512-i+wvza5Wd0YV/t9qhnS8I+dJdhJ1fHIhRW4f262rXXM9Mgts5VZhYrRZufGcai4y99RlbZvwaZhplQ6diRXkaA==
  
  vscode-languageserver-protocol@3.17.0-next.11:
    version "3.17.0-next.11"
    resolved "https://registry.npmmirror.com/vscode-languageserver-protocol/download/vscode-languageserver-protocol-3.17.0-next.11.tgz#0f2b2bc0d28026422340e4571373e018598e2e16"
    integrity sha512-9FqHT7XvM6tWFsnLvRfuQA7Zh7wZZYAwA9dK85lYthA8M1aXpXEP9drXVvO/Fe03MUeJpKVf2e4/NvDaFUnttg==
    dependencies:
      vscode-jsonrpc "8.0.0-next.4"
      vscode-languageserver-types "3.17.0-next.5"
  
  vscode-languageserver-textdocument@^1.0.1:
    version "1.0.3"
    resolved "https://registry.npmmirror.com/vscode-languageserver-textdocument/download/vscode-languageserver-textdocument-1.0.3.tgz#879f2649bfa5a6e07bc8b392c23ede2dfbf43eff"
    integrity sha512-ynEGytvgTb6HVSUwPJIAZgiHQmPCx8bZ8w5um5Lz+q5DjP0Zj8wTFhQpyg8xaMvefDytw2+HH5yzqS+FhsR28A==
  
  vscode-languageserver-types@3.17.0-next.5:
    version "3.17.0-next.5"
    resolved "https://registry.npmmirror.com/vscode-languageserver-types/download/vscode-languageserver-types-3.17.0-next.5.tgz#0d176d39d215d55bffc9195112fb2b6d81ff5fbb"
    integrity sha512-Zcfaw8BznhlJWB09LDR0dscXyxn9+liREqJnPF4pigeUCHwKxYapYqizwuCpMHQ/oLYiAvKwU+f28hPleYu7pA==
  
  vscode-languageserver-types@^3.15.1, vscode-languageserver-types@^3.16.0:
    version "3.16.0"
    resolved "https://registry.npmmirror.com/vscode-languageserver-types/download/vscode-languageserver-types-3.16.0.tgz#ecf393fc121ec6974b2da3efb3155644c514e247"
    integrity sha1-7POT/BIexpdLLaPvsxVWRMUU4kc=
  
  vscode-languageserver@^8.0.0-next.2:
    version "8.0.0-next.5"
    resolved "https://registry.npmmirror.com/vscode-languageserver/download/vscode-languageserver-8.0.0-next.5.tgz#99f7f25dd658a1f000219f62c29ae557858f850c"
    integrity sha512-3E2W0eWtGKb6QAJqspOnD0thrBRRo8IGUMV5jpDNMcMKvmtkcxMwsBh0VxdvuWaZ51PiNyR4L+B+GUvkYsyFEg==
    dependencies:
      vscode-languageserver-protocol "3.17.0-next.11"
  
  vscode-nls@^5.0.0:
    version "5.0.0"
    resolved "https://registry.nlark.com/vscode-nls/download/vscode-nls-5.0.0.tgz#99f0da0bd9ea7cda44e565a74c54b1f2bc257840"
    integrity sha1-mfDaC9nqfNpE5WWnTFSx8rwleEA=
  
  vscode-pug-languageservice@0.29.8:
    version "0.29.8"
    resolved "https://registry.npmmirror.com/vscode-pug-languageservice/download/vscode-pug-languageservice-0.29.8.tgz#3d95f974bc273ddd8f5a8fb5d3ac8064b2dc63d1"
    integrity sha512-QHYAzDSJLg7GOLxCZ12qsM0dAM0dPeMSS1t4kKfzLsfpErmZpFzkAIXbidVrNMdMffGZMtTuIlcpEyWHbx96Iw==
    dependencies:
      "@volar/code-gen" "0.29.8"
      "@volar/shared" "0.29.8"
      "@volar/source-map" "0.29.8"
      "@volar/transforms" "0.29.8"
      pug-lexer "^5.0.1"
      pug-parser "^6.0.0"
      vscode-languageserver "^8.0.0-next.2"
  
  vscode-typescript-languageservice@0.29.8:
    version "0.29.8"
    resolved "https://registry.npmmirror.com/vscode-typescript-languageservice/download/vscode-typescript-languageservice-0.29.8.tgz#370572e8c99c8b8190733a4bfc1b45c5f91aa044"
    integrity sha512-eecDqHk4WjEvy6VHQ6teHczppQ9yJO2wExCy7yu7WiFj35qbw0h4G6Erv46MvP3ClL8FggFzD7s1qM6vdqJUfw==
    dependencies:
      "@volar/shared" "0.29.8"
      semver "^7.3.5"
      upath "^2.0.1"
      vscode-languageserver "^8.0.0-next.2"
      vscode-languageserver-textdocument "^1.0.1"
  
  vscode-uri@^2.1.2:
    version "2.1.2"
    resolved "https://registry.nlark.com/vscode-uri/download/vscode-uri-2.1.2.tgz#c8d40de93eb57af31f3c715dd650e2ca2c096f1c"
    integrity sha1-yNQN6T61evMfPHFd1lDiyiwJbxw=
  
  vscode-uri@^3.0.2:
    version "3.0.2"
    resolved "https://registry.nlark.com/vscode-uri/download/vscode-uri-3.0.2.tgz#ecfd1d066cb8ef4c3a208decdbab9a8c23d055d0"
    integrity sha1-7P0dBmy470w6II3s26uajCPQVdA=
  
  vscode-vue-languageservice@0.29.8:
    version "0.29.8"
    resolved "https://registry.npmmirror.com/vscode-vue-languageservice/download/vscode-vue-languageservice-0.29.8.tgz#6d59aab4fb94215b99b6f7d0e2ab73babd398d05"
    integrity sha512-qSJdvW5ttyGUB/8uWDKgo8vnIoFnXYlBP4Z/cn54btsRn6ZMw7IJGJU1381e7p/yGvMTLeGbugD53SghbnSa6g==
    dependencies:
      "@volar/code-gen" "0.29.8"
      "@volar/html2pug" "0.29.8"
      "@volar/shared" "0.29.8"
      "@volar/source-map" "0.29.8"
      "@volar/transforms" "0.29.8"
      "@volar/vue-code-gen" "0.29.8"
      "@vscode/emmet-helper" "^2.8.0"
      "@vue/reactivity" "^3.2.21"
      "@vue/shared" "^3.2.21"
      request-light "^0.5.4"
      upath "^2.0.1"
      vscode-css-languageservice "^5.1.7"
      vscode-html-languageservice "^4.1.0"
      vscode-json-languageservice "^4.1.8"
      vscode-languageserver "^8.0.0-next.2"
      vscode-languageserver-textdocument "^1.0.1"
      vscode-pug-languageservice "0.29.8"
      vscode-typescript-languageservice "0.29.8"
  
  vue-tsc@^0.29.8:
    version "0.29.8"
    resolved "https://registry.npmmirror.com/vue-tsc/download/vue-tsc-0.29.8.tgz#f4d8de5dd8756107c878489ccf9178d2d72fff47"
    integrity sha512-pT0wLRjvRuSmB+J4WJT6uuV9mO0KtSSXEAtaVXZQzyk5+DJdbLIQTbRce/TXSkfqt1l1WogO78RjtOJFiMCgfQ==
    dependencies:
      "@volar/shared" "0.29.8"
      vscode-vue-languageservice "0.29.8"
  
  vue3-keypress@^4.0.1:
    version "4.0.1"
    resolved "https://registry.npmmirror.com/vue3-keypress/download/vue3-keypress-4.0.1.tgz#161959779dda7a0bb86902fac594c75117a0dca4"
    integrity sha1-FhlZd53aegu4aQL6xZTHUReg3KQ=
  
  vue3-resize@^0.2.0:
    version "0.2.0"
    resolved "https://registry.npmmirror.com/vue3-resize/download/vue3-resize-0.2.0.tgz#a1f06468cb7add911dfe3cb980984fa865ea1c8b"
    integrity sha1-ofBkaMt63ZEd/jy5gJhPqGXqHIs=
  
  vue@^3.2.25:
    version "3.2.26"
    resolved "https://registry.npmmirror.com/vue/download/vue-3.2.26.tgz#5db575583ecae495c7caa5c12fd590dffcbb763e"
    integrity sha512-KD4lULmskL5cCsEkfhERVRIOEDrfEL9CwAsLYpzptOGjaGFNWo3BQ9g8MAb7RaIO71rmVOziZ/uEN/rHwcUIhg==
    dependencies:
      "@vue/compiler-dom" "3.2.26"
      "@vue/compiler-sfc" "3.2.26"
      "@vue/runtime-dom" "3.2.26"
      "@vue/server-renderer" "3.2.26"
      "@vue/shared" "3.2.26"
  
  with@^7.0.0:
    version "7.0.2"
    resolved "https://registry.nlark.com/with/download/with-7.0.2.tgz#ccee3ad542d25538a7a7a80aad212b9828495bac"
    integrity sha1-zO461ULSVTinp6gKrSErmChJW6w=
    dependencies:
      "@babel/parser" "^7.9.6"
      "@babel/types" "^7.9.6"
      assert-never "^1.2.1"
      babel-walk "3.0.0-canary-5"
  
  yallist@^4.0.0:
    version "4.0.0"
    resolved "https://registry.nlark.com/yallist/download/yallist-4.0.0.tgz#9bb92790d9c0effec63be73519e11a35019a3a72"
    integrity sha1-m7knkNnA7/7GO+c1GeEaNQGaOnI=
